<?xml version="1.0" encoding="UTF-8"?>
<testng-results ignored="0" total="1" passed="1" failed="0" skipped="0">
  <reporter-output>
  </reporter-output>
  <suite started-at="2023-09-06T14:09:23 COT" name="Default suite" finished-at="2023-09-06T14:10:17 COT" duration-ms="53730">
    <groups>
    </groups>
    <test started-at="2023-09-06T14:09:23 COT" name="Default test" finished-at="2023-09-06T14:10:17 COT" duration-ms="53730">
      <class name="Base.RunTest">
        <test-method is-config="true" signature="beforeClass()[pri:0, instance:Base.RunTest@3e2e18f2]" started-at="2023-09-06T14:09:23 COT" name="beforeClass" finished-at="2023-09-06T14:09:37 COT" duration-ms="13356" status="PASS">
          <reporter-output>
          </reporter-output>
        </test-method> <!-- beforeClass -->
        <test-method signature="pruebasIniciales(java.lang.String, java.lang.String, java.lang.String, java.lang.String, java.lang.String)[pri:0, instance:Base.RunTest@3e2e18f2]" started-at="2023-09-06T14:09:37 COT" name="pruebasIniciales" data-provider="mensaje" finished-at="2023-09-06T14:10:17 COT" duration-ms="39136" status="PASS">
          <params>
            <param index="0">
              <value>
                <![CDATA[Hola Qa tester]]>
              </value>
            </param>
            <param index="1">
              <value>
                <![CDATA["10/12/2024"]]>
              </value>
            </param>
            <param index="2">
              <value>
                <![CDATA[September 5, 2023 7:24 AM]]>
              </value>
            </param>
            <param index="3">
              <value>
                <![CDATA[Si]]>
              </value>
            </param>
            <param index="4">
              <value>
                <![CDATA[Si]]>
              </value>
            </param>
          </params>
          <reporter-output>
          </reporter-output>
        </test-method> <!-- pruebasIniciales -->
        <test-method is-config="true" signature="afterClass()[pri:0, instance:Base.RunTest@3e2e18f2]" started-at="2023-09-06T14:10:17 COT" name="afterClass" finished-at="2023-09-06T14:10:17 COT" duration-ms="322" status="PASS">
          <reporter-output>
          </reporter-output>
        </test-method> <!-- afterClass -->
      </class> <!-- Base.RunTest -->
    </test> <!-- Default test -->
  </suite> <!-- Default suite -->
</testng-results>
